::1 - - [18/Jun/2023:16:32:33 +0000] "GET /api/contact HTTP/1.1" 404 23 "-" "PostmanRuntime/7.32.2"
::1 - - [18/Jun/2023:16:32:39 +0000] "GET /api/contacts HTTP/1.1" 200 1231 "-" "PostmanRuntime/7.32.2"
::1 - - [18/Jun/2023:16:34:01 +0000] "GET /api/contacts HTTP/1.1" 200 1231 "-" "PostmanRuntime/7.32.2"
::1 - - [18/Jun/2023:16:34:03 +0000] "POST /api/contacts HTTP/1.1" 201 101 "-" "PostmanRuntime/7.32.2"
::1 - - [18/Jun/2023:16:34:14 +0000] "PUT /api/contacts/Rw_kl1aL9-oijHfJAoXr_ HTTP/1.1" 200 99 "-" "PostmanRuntime/7.32.2"
::1 - - [18/Jun/2023:16:42:10 +0000] "GET /api/contacts HTTP/1.1" 200 1331
::1 - - [18/Jun/2023:16:42:29 +0000] "POST /api/contacts HTTP/1.1" 201 101
::1 - - [18/Jun/2023:16:42:34 +0000] "DELETE /api/contacts/MEWxFBEyNXPjEMM0LvW0C HTTP/1.1" 200 29
::ffff:127.0.0.1 - - [21/Jun/2023:19:54:58 +0000] "GET / HTTP/1.1" 404 23
::ffff:127.0.0.1 - - [21/Jun/2023:19:57:42 +0000] "GET / HTTP/1.1" 404 23
::ffff:127.0.0.1 - - [21/Jun/2023:19:58:07 +0000] "GET / HTTP/1.1" 200 14
::ffff:127.0.0.1 - - [21/Jun/2023:21:07:56 +0000] "GET /api/contacts HTTP/1.1" 200 1331
::1 - - [27/Jun/2023:19:20:55 +0000] "GET /api/contacts/drsAJ4SHPYqZeG-83QTVW HTTP/1.1" 200 117
::1 - - [27/Jun/2023:20:04:14 +0000] "GET /api/contacts/drsAJ4SHPYqZeG-83QTVW HTTP/1.1" 200 117 "-" "PostmanRuntime/7.32.2"
::1 - GET /api/contacts/drsAJ4SHPYqZeG-83QTVW HTTP/1.1 200 117 - 3.733 ms
::1 - - [27/Jun/2023:20:14:47 +0000] "GET /api/contacts/ HTTP/1.1" 200 1331
::1 - - [29/Jun/2023:18:27:12 +0000] "GET /api/contacts HTTP/1.1" 200 1332
::1 - - [29/Jun/2023:18:29:01 +0000] "POST /api/contacts HTTP/1.1" 404 23
::1 - - [29/Jun/2023:19:08:11 +0000] "POST /api/contacts HTTP/1.1" 500 77
::1 - - [29/Jun/2023:19:08:27 +0000] "POST /api/contacts HTTP/1.1" 201 130
::1 - - [29/Jun/2023:19:08:44 +0000] "GET /api/contacts HTTP/1.1" 200 1463
::1 - - [29/Jun/2023:19:10:58 +0000] "POST /api/contacts HTTP/1.1" 500 87
::1 - - [29/Jun/2023:19:18:05 +0000] "GET /api/contacts HTTP/1.1" 200 1463
::1 - - [29/Jun/2023:19:48:54 +0000] "GET /api/contacts/649dd6abef7ee73cdf6b0935 HTTP/1.1" 200 130
::1 - - [29/Jun/2023:19:50:29 +0000] "POST /api/contacts HTTP/1.1" 201 200
::1 - - [29/Jun/2023:19:58:29 +0000] "POST /api/contacts HTTP/1.1" 500 68
::1 - - [29/Jun/2023:20:02:26 +0000] "POST /api/contacts HTTP/1.1" 400 68
::1 - - [29/Jun/2023:20:19:45 +0000] "GET /api/contacts/649dd6abef7ee73cdf6b0935 HTTP/1.1" 200 130
::1 - - [29/Jun/2023:20:19:53 +0000] "GET /api/contacts/ HTTP/1.1" 200 1664
::1 - - [29/Jun/2023:20:22:42 +0000] "POST /api/contacts HTTP/1.1" 201 194
::1 - - [29/Jun/2023:20:22:47 +0000] "GET /api/contacts/ HTTP/1.1" 200 1859
::1 - - [29/Jun/2023:20:24:30 +0000] "DELETE /api/contacts/649dd6abef7ee73cdf6b0935 HTTP/1.1" 200 29
::1 - - [29/Jun/2023:20:24:44 +0000] "GET /api/contacts/ HTTP/1.1" 200 1728
::1 - - [29/Jun/2023:20:27:20 +0000] "PUT /api/contacts/649de8121f76a65e15313673 HTTP/1.1" 200 194
::1 - - [29/Jun/2023:20:27:52 +0000] "GET /api/contacts/ HTTP/1.1" 200 1732
::1 - - [29/Jun/2023:20:38:29 +0000] "PATCH /api/contacts/649de8121f76a65e15313673/favorite HTTP/1.1" 200 198
::1 - - [29/Jun/2023:20:38:36 +0000] "GET /api/contacts/ HTTP/1.1" 200 1731
::1 - - [01/Jul/2023:10:20:54 +0000] "GET /api/contacts/ HTTP/1.1" 200 1079
::1 - - [01/Jul/2023:10:21:13 +0000] "GET /api/contacts/ HTTP/1.1" 200 1731
::1 - - [01/Jul/2023:10:23:46 +0000] "GET /api/contacts/649de8121f76a65e15313673 HTTP/1.1" 200 197
::1 - - [01/Jul/2023:10:24:00 +0000] "GET /api/contacts/649de8121f76a65e15313673 HTTP/1.1" 200 199
::1 - - [01/Jul/2023:10:25:17 +0000] "GET /api/contacts/649de8121f76a65e15313673 HTTP/1.1" 200 197
::1 - - [01/Jul/2023:10:32:43 +0000] "GET /api/contacts/ HTTP/1.1" 200 1731
::1 - - [01/Jul/2023:10:32:58 +0000] "PATCH /api/contacts/649890990d56d0fc236642cc/favorite HTTP/1.1" 200 122
::1 - - [01/Jul/2023:10:33:16 +0000] "GET /api/contacts/ HTTP/1.1" 200 1769
::1 - - [01/Jul/2023:10:36:39 +0000] "PATCH /api/contacts/649890990d56d0fc236642cc/favorite HTTP/1.1" 200 161
::1 - - [01/Jul/2023:10:37:16 +0000] "PATCH /api/contacts/649890990d56d0fc236642cc/favorite HTTP/1.1" 200 161
::1 - - [01/Jul/2023:10:37:25 +0000] "PATCH /api/contacts/649890990d56d0fc236642cc/favorite HTTP/1.1" 200 161
::1 - - [01/Jul/2023:10:38:56 +0000] "PATCH /api/contacts/649890990d56d0fc236642cc/favorite HTTP/1.1" 200 161
::1 - - [01/Jul/2023:10:39:07 +0000] "PATCH /api/contacts/649890990d56d0fc236642cc/favorite HTTP/1.1" 200 161
::1 - - [01/Jul/2023:10:45:52 +0000] "PATCH /api/contacts/649890990d56d0fc236642cc/favorite HTTP/1.1" 400 39
::1 - - [01/Jul/2023:12:07:58 +0000] "PATCH /api/contacts/649890990d56d0fc236642cc/favorite HTTP/1.1" 400 39
::1 - - [01/Jul/2023:12:08:07 +0000] "GET /api/contacts/ HTTP/1.1" 200 1770
::1 - - [01/Jul/2023:12:08:25 +0000] "PATCH /api/contacts/649890990d56d0fc236642cc/favorite HTTP/1.1" 400 39
::1 - - [01/Jul/2023:12:09:28 +0000] "PATCH /api/contacts/649890990d56d0fc236642cc/favorite HTTP/1.1" 400 39
::1 - - [01/Jul/2023:12:11:16 +0000] "PATCH /api/contacts/649890990d56d0fc236642cc/favorite HTTP/1.1" 400 41
::1 - - [01/Jul/2023:12:11:36 +0000] "PATCH /api/contacts/649890990d56d0fc236642cc/favorite HTTP/1.1" 400 41
::1 - - [01/Jul/2023:12:12:00 +0000] "PATCH /api/contacts/649890990d56d0fc236642cc/favorite HTTP/1.1" 400 53
::1 - - [01/Jul/2023:12:12:06 +0000] "PATCH /api/contacts/649890990d56d0fc236642cc/favorite HTTP/1.1" 400 54
::1 - - [01/Jul/2023:12:12:13 +0000] "PATCH /api/contacts/649890990d56d0fc236642cc/favorite HTTP/1.1" 400 54
::1 - - [01/Jul/2023:12:12:28 +0000] "PATCH /api/contacts/649890990d56d0fc236642cc/favorite HTTP/1.1" 400 41
::1 - - [01/Jul/2023:12:13:23 +0000] "PATCH /api/contacts/649890990d56d0fc236642cc/favorite HTTP/1.1" 400 41
::1 - - [01/Jul/2023:12:15:48 +0000] "PATCH /api/contacts/649890990d56d0fc236642cc/favorite HTTP/1.1" 400 41
::1 - - [01/Jul/2023:12:18:51 +0000] "GET /api/contacts/ HTTP/1.1" 200 1770
::1 - - [01/Jul/2023:12:20:03 +0000] "DELETE /api/contacts/649de8121f76a65e15313673 HTTP/1.1" 200 29
::1 - - [01/Jul/2023:12:20:06 +0000] "DELETE /api/contacts/649de8121f76a65e15313673 HTTP/1.1" 404 23
::1 - - [01/Jul/2023:12:44:38 +0000] "DELETE /api/contacts/649de8121f76a65e15313673 HTTP/1.1" 404 23
::1 - - [01/Jul/2023:12:44:42 +0000] "PATCH /api/contacts/649890990d56d0fc236642cc/favorite HTTP/1.1" 400 38
::1 - - [01/Jul/2023:12:49:28 +0000] "PATCH /api/contacts/649890990d56d0fc236642cc/favorite HTTP/1.1" 400 41
::1 - - [01/Jul/2023:12:49:58 +0000] "PATCH /api/contacts/649890990d56d0fc236642cc/favorite HTTP/1.1" 400 41
::1 - - [01/Jul/2023:12:50:40 +0000] "PATCH /api/contacts/649890990d56d0fc236642cc/favorite HTTP/1.1" 400 41
::1 - - [01/Jul/2023:13:38:14 +0000] "PATCH /api/contacts/649890990d56d0fc236642cc/favorite HTTP/1.1" 400 41
::1 - - [01/Jul/2023:13:45:40 +0000] "PATCH /api/contacts/649890990d56d0fc236642cc/favorite HTTP/1.1" 400 41
::1 - - [01/Jul/2023:13:46:09 +0000] "PATCH /api/contacts/649890990d56d0fc236642cc/favorite HTTP/1.1" 500 55
::1 - - [01/Jul/2023:13:59:41 +0000] "PATCH /api/contacts/649890990d56d0fc236642cc/favorite HTTP/1.1" 500 55
::1 - - [01/Jul/2023:14:00:15 +0000] "PATCH /api/contacts/649890990d56d0fc236642cc/favorite HTTP/1.1" 400 41
::1 - - [01/Jul/2023:14:00:39 +0000] "PATCH /api/contacts/649890990d56d0fc236642cc/favorite HTTP/1.1" 400 41
::1 - - [01/Jul/2023:14:00:51 +0000] "PATCH /api/contacts/649890990d56d0fc236642cc/favorite HTTP/1.1" 400 41
::1 - - [01/Jul/2023:14:03:32 +0000] "POST /api/contacts HTTP/1.1" 400 34
::1 - - [01/Jul/2023:14:03:52 +0000] "POST /api/contacts HTTP/1.1" 400 35
::1 - - [01/Jul/2023:19:35:13 +0000] "PATCH /api/contacts/649890990d56d0fc236642cc/favorite HTTP/1.1" 400 38
::1 - - [01/Jul/2023:19:36:17 +0000] "PATCH /api/contacts/649890990d56d0fc236642cc/favorite HTTP/1.1" 400 38
::1 - - [01/Jul/2023:19:41:31 +0000] "PATCH /api/contacts/649890990d56d0fc236642cc/favorite HTTP/1.1" 400 38
::1 - - [01/Jul/2023:19:41:51 +0000] "PATCH /api/contacts/649890990d56d0fc236642cc/favorite HTTP/1.1" 400 38
::1 - - [01/Jul/2023:19:48:24 +0000] "PATCH /api/contacts/649890990d56d0fc236642cc/favorite HTTP/1.1" 400 38
::1 - - [01/Jul/2023:19:48:55 +0000] "PATCH /api/contacts/649890990d56d0fc236642cc/favorite HTTP/1.1" 400 38
::1 - - [01/Jul/2023:19:50:06 +0000] "PATCH /api/contacts/649890990d56d0fc236642cc/favorite HTTP/1.1" 400 46
::1 - - [01/Jul/2023:19:52:19 +0000] "PATCH /api/contacts/649890990d56d0fc236642cc/favorite HTTP/1.1" 400 36
::1 - - [01/Jul/2023:19:52:55 +0000] "PATCH /api/contacts/649890990d56d0fc236642cc/favorite HTTP/1.1" 200 160
::1 - - [01/Jul/2023:19:53:01 +0000] "PATCH /api/contacts/649890990d56d0fc236642cc/favorite HTTP/1.1" 200 161
::1 - - [01/Jul/2023:19:53:05 +0000] "PATCH /api/contacts/649890990d56d0fc26642cc/favorite HTTP/1.1" 400 53
::1 - - [01/Jul/2023:19:53:58 +0000] "PATCH /api/contacts/649890990d56d0fc216642cc/favorite HTTP/1.1" 404 23
::1 - - [04/Jul/2023:22:08:25 +0000] "GET /api/contacts/ HTTP/1.1" 200 1572
::1 - - [04/Jul/2023:22:09:06 +0000] "GET /api/contacts/ HTTP/1.1" 200 1572
::1 - - [11/Jul/2023:12:42:01 +0000] "POST /api/register HTTP/1.1" 404 23
::1 - - [11/Jul/2023:12:42:36 +0000] "POST /api/auth/register HTTP/1.1" 500 70
::1 - - [11/Jul/2023:12:48:29 +0000] "POST /api/auth/register HTTP/1.1" 500 70
::1 - - [11/Jul/2023:12:48:43 +0000] "POST /api/auth/register HTTP/1.1" 500 70
::1 - - [11/Jul/2023:12:49:39 +0000] "POST /api/auth/register HTTP/1.1" 200 41
::1 - - [11/Jul/2023:12:51:00 +0000] "POST /api/auth/register HTTP/1.1" 500 70
::1 - - [11/Jul/2023:12:53:28 +0000] "POST /api/auth/register HTTP/1.1" 200 41
::1 - - [11/Jul/2023:12:54:39 +0000] "POST /api/auth/register HTTP/1.1" 201 41
::1 - - [11/Jul/2023:13:02:17 +0000] "POST /api/auth/register HTTP/1.1" 201 41
::1 - - [11/Jul/2023:13:08:35 +0000] "POST /api/auth/register HTTP/1.1" 201 41
::1 - - [11/Jul/2023:13:19:00 +0000] "POST /api/auth/register HTTP/1.1" 201 41
::1 - - [11/Jul/2023:13:21:48 +0000] "POST /api/auth/register HTTP/1.1" 201 41
::1 - - [11/Jul/2023:13:22:16 +0000] "POST /api/auth/register HTTP/1.1" 201 41
::1 - - [11/Jul/2023:13:22:54 +0000] "POST /api/auth/register HTTP/1.1" 201 41
::1 - - [11/Jul/2023:13:34:29 +0000] "POST /api/auth/register HTTP/1.1" 201 41
::1 - - [11/Jul/2023:13:34:38 +0000] "POST /api/auth/register HTTP/1.1" 400 123
::1 - - [11/Jul/2023:13:38:41 +0000] "POST /api/auth/register HTTP/1.1" 400 123
::1 - - [11/Jul/2023:13:39:36 +0000] "POST /api/auth/register HTTP/1.1" 400 123
::1 - - [11/Jul/2023:13:41:53 +0000] "POST /api/auth/register HTTP/1.1" 409 123
::1 - - [11/Jul/2023:13:46:08 +0000] "POST /api/auth/register HTTP/1.1" 409 37
::1 - - [11/Jul/2023:17:32:46 +0000] "POST /api/auth/register HTTP/1.1" 409 37
::1 - - [11/Jul/2023:17:33:22 +0000] "POST /api/auth/register HTTP/1.1" 400 142
::1 - - [11/Jul/2023:17:34:07 +0000] "POST /api/auth/register HTTP/1.1" 201 42
::1 - - [12/Jul/2023:18:48:23 +0000] "POST /api/auth/login HTTP/1.1" 400 34
::1 - - [12/Jul/2023:19:01:51 +0000] "POST /api/auth/register HTTP/1.1" 400 34
::1 - - [12/Jul/2023:19:20:43 +0000] "POST /api/auth/register HTTP/1.1" 201 31
::1 - - [12/Jul/2023:19:21:03 +0000] "POST /api/auth/register HTTP/1.1" 409 37
::1 - - [12/Jul/2023:19:21:18 +0000] "POST /api/auth/register HTTP/1.1" 400 35
::1 - - [12/Jul/2023:19:22:44 +0000] "POST /api/auth/register HTTP/1.1" 201 57
::1 - - [12/Jul/2023:19:23:53 +0000] "POST /api/auth/register HTTP/1.1" 201 66
::1 - - [12/Jul/2023:19:24:40 +0000] "POST /api/auth/login HTTP/1.1" 400 34
::1 - - [12/Jul/2023:19:25:21 +0000] "POST /api/auth/login HTTP/1.1" 401 39
::1 - - [12/Jul/2023:19:30:03 +0000] "POST /api/auth/login HTTP/1.1" 200 248
::1 - - [13/Jul/2023:15:05:03 +0000] "GET /api/contacts/drsAJ4SHPYqZeG-83QTVW HTTP/1.1" 401 14
::1 - - [13/Jul/2023:15:05:15 +0000] "POST /api/auth/register HTTP/1.1" 400 37
::1 - - [13/Jul/2023:15:08:18 +0000] "POST /api/auth/register HTTP/1.1" 201 60
::1 - - [13/Jul/2023:15:09:33 +0000] "POST /api/auth/login HTTP/1.1" 200 242
::1 - - [13/Jul/2023:15:09:59 +0000] "GET /api/contacts/ HTTP/1.1" 401 14
::1 - - [13/Jul/2023:15:11:58 +0000] "POST /api/auth/login HTTP/1.1" 200 242
::1 - - [13/Jul/2023:15:13:35 +0000] "POST /api/auth/login HTTP/1.1" 200 242
::1 - - [13/Jul/2023:15:13:57 +0000] "GET /api/contacts/ HTTP/1.1" 401 14
::1 - - [13/Jul/2023:15:14:29 +0000] "GET /api/contacts/ HTTP/1.1" 401 14
::1 - - [13/Jul/2023:15:15:05 +0000] "GET /api/contacts/ HTTP/1.1" 200 1572
::1 - - [13/Jul/2023:15:16:49 +0000] "GET /api/contacts/ HTTP/1.1" 401 14
::1 - - [13/Jul/2023:15:16:58 +0000] "GET /api/contacts/ HTTP/1.1" 200 1572
::1 - - [14/Jul/2023:10:25:21 +0000] "GET /api/contacts/ HTTP/1.1" 200 1572
::1 - - [14/Jul/2023:10:25:25 +0000] "GET /api/contacts/ HTTP/1.1" 401 26
::1 - - [14/Jul/2023:11:07:10 +0000] "POST /api/contacts HTTP/1.1" 401 26
::1 - - [14/Jul/2023:11:07:28 +0000] "POST /api/auth/login HTTP/1.1" 200 242
::1 - - [14/Jul/2023:11:07:46 +0000] "POST /api/contacts HTTP/1.1" 201 195
::1 - - [14/Jul/2023:11:07:58 +0000] "GET /api/contacts/ HTTP/1.1" 200 1768
::1 - - [14/Jul/2023:11:09:08 +0000] "POST /api/auth/register HTTP/1.1" 400 71
::1 - - [14/Jul/2023:11:09:53 +0000] "POST /api/auth/register HTTP/1.1" 201 59
::1 - - [14/Jul/2023:11:10:41 +0000] "POST /api/auth/login HTTP/1.1" 200 241
::1 - - [14/Jul/2023:11:10:56 +0000] "POST /api/contacts HTTP/1.1" 201 195
::1 - - [14/Jul/2023:11:11:06 +0000] "GET /api/contacts/ HTTP/1.1" 200 1964
::1 - - [14/Jul/2023:11:14:02 +0000] "POST /api/contacts HTTP/1.1" 201 195
::1 - - [14/Jul/2023:11:17:35 +0000] "POST /api/contacts HTTP/1.1" 201 195
::1 - - [14/Jul/2023:11:37:58 +0000] "POST /api/auth/login HTTP/1.1" 200 241
::1 - - [14/Jul/2023:11:38:57 +0000] "GET /api/contacts/ HTTP/1.1" 200 2356
::1 - - [14/Jul/2023:11:40:32 +0000] "GET /api/contacts/ HTTP/1.1" 200 2356
::1 - - [14/Jul/2023:11:41:11 +0000] "GET /api/contacts/ HTTP/1.1" 200 2356
::1 - - [14/Jul/2023:11:51:59 +0000] "GET /api/contacts/ HTTP/1.1" 200 2356
::1 - - [14/Jul/2023:11:52:36 +0000] "GET /api/contacts/ HTTP/1.1" 200 2356
::1 - - [14/Jul/2023:11:53:42 +0000] "GET /api/contacts/ HTTP/1.1" 200 2356
::1 - - [14/Jul/2023:11:54:14 +0000] "POST /api/contacts HTTP/1.1" 201 230
::1 - - [14/Jul/2023:12:00:59 +0000] "POST /api/contacts HTTP/1.1" 201 224
::1 - - [14/Jul/2023:12:01:09 +0000] "POST /api/contacts HTTP/1.1" 201 230
::1 - - [14/Jul/2023:12:01:23 +0000] "GET /api/contacts/ HTTP/1.1" 200 688
::1 - - [14/Jul/2023:12:02:15 +0000] "POST /api/auth/login HTTP/1.1" 200 242
::1 - - [14/Jul/2023:12:02:25 +0000] "GET /api/contacts/ HTTP/1.1" 200 2
::1 - - [14/Jul/2023:12:02:48 +0000] "POST /api/contacts HTTP/1.1" 201 225
::1 - - [14/Jul/2023:12:02:53 +0000] "GET /api/contacts/ HTTP/1.1" 200 227
::1 - - [14/Jul/2023:12:57:57 +0000] "POST /api/user/login HTTP/1.1" 404 23
::1 - - [14/Jul/2023:12:58:06 +0000] "POST /api/users/login HTTP/1.1" 404 23
::1 - - [14/Jul/2023:12:58:22 +0000] "POST /api/users/login HTTP/1.1" 404 23
::1 - - [14/Jul/2023:12:59:39 +0000] "POST /api/users/login HTTP/1.1" 404 23
::1 - - [14/Jul/2023:12:59:58 +0000] "POST /api/users/register HTTP/1.1" 409 37
::1 - - [14/Jul/2023:13:00:06 +0000] "POST /api/users/register HTTP/1.1" 201 60
::1 - - [14/Jul/2023:13:00:26 +0000] "POST /api/users/login HTTP/1.1" 404 23
::1 - - [14/Jul/2023:13:00:50 +0000] "POST /api/users/login HTTP/1.1" 200 242
::1 - - [14/Jul/2023:13:14:59 +0000] "GET /api/users/current HTTP/1.1" 401 26
::1 - - [14/Jul/2023:13:15:18 +0000] "POST /api/users/login HTTP/1.1" 200 242
::1 - - [14/Jul/2023:13:15:25 +0000] "GET /api/users/current HTTP/1.1" 401 26
::1 - - [14/Jul/2023:13:15:41 +0000] "POST /api/users/login HTTP/1.1" 200 242
::1 - - [14/Jul/2023:13:15:52 +0000] "GET /api/users/current HTTP/1.1" 401 39
::1 - - [14/Jul/2023:13:16:27 +0000] "GET /api/users/current HTTP/1.1" 200 51
::1 - - [14/Jul/2023:13:24:15 +0000] "POST /api/users/login HTTP/1.1" 500 46
::1 - - [14/Jul/2023:13:24:33 +0000] "POST /api/users/login HTTP/1.1" 200 242
::1 - - [14/Jul/2023:13:31:26 +0000] "POST /api/users/logout HTTP/1.1" 401 26
::1 - - [14/Jul/2023:13:31:54 +0000] "POST /api/users/logout HTTP/1.1" 201 24
::1 - - [14/Jul/2023:13:51:27 +0000] "POST /api/users/login HTTP/1.1" 200 242
::1 - - [14/Jul/2023:13:52:22 +0000] "GET /api/contacts/?page=2&limit=2 HTTP/1.1" 200 2
::1 - - [14/Jul/2023:13:52:29 +0000] "GET /api/contacts/?page=1&limit=2 HTTP/1.1" 500 78
::1 - - [14/Jul/2023:13:52:44 +0000] "GET /api/contacts/?page=1&limit=3 HTTP/1.1" 500 78
::1 - - [14/Jul/2023:13:53:07 +0000] "GET /api/contacts/?page=1&limit=1 HTTP/1.1" 500 78
::1 - - [14/Jul/2023:13:53:12 +0000] "GET /api/contacts/?page=2&limit=1 HTTP/1.1" 200 2
::1 - - [14/Jul/2023:13:53:25 +0000] "GET /api/contacts/ HTTP/1.1" 500 72
::1 - - [14/Jul/2023:13:53:54 +0000] "GET /api/contacts/ HTTP/1.1" 500 72
::1 - - [14/Jul/2023:13:54:25 +0000] "GET /api/contacts/ HTTP/1.1" 200 2
::1 - - [14/Jul/2023:13:54:40 +0000] "POST /api/contacts HTTP/1.1" 401 26
::1 - - [14/Jul/2023:13:54:53 +0000] "POST /api/contacts HTTP/1.1" 401 26
::1 - - [14/Jul/2023:13:55:34 +0000] "GET /api/users/current HTTP/1.1" 401 26
::1 - - [14/Jul/2023:13:55:39 +0000] "POST /api/users/login HTTP/1.1" 200 242
::1 - - [14/Jul/2023:13:55:47 +0000] "GET /api/users/current HTTP/1.1" 200 51
::1 - - [14/Jul/2023:13:55:53 +0000] "GET /api/contacts/ HTTP/1.1" 200 2
::1 - - [14/Jul/2023:13:56:02 +0000] "POST /api/contacts HTTP/1.1" 201 225
::1 - - [14/Jul/2023:13:56:19 +0000] "POST /api/contacts HTTP/1.1" 201 229
::1 - - [14/Jul/2023:13:56:31 +0000] "POST /api/contacts HTTP/1.1" 201 226
::1 - - [14/Jul/2023:13:56:46 +0000] "GET /api/contacts/?page=2&limit=2 HTTP/1.1" 500 97
::1 - - [14/Jul/2023:13:57:37 +0000] "GET /api/contacts/?page=2&limit=2 HTTP/1.1" 500 97
::1 - - [14/Jul/2023:13:58:25 +0000] "GET /api/contacts/?page=2&limit=2 HTTP/1.1" 500 97
::1 - - [14/Jul/2023:13:58:57 +0000] "GET /api/contacts/ HTTP/1.1" 500 72
::1 - - [15/Jul/2023:08:29:54 +0000] "GET /api/contacts/ HTTP/1.1" 500 72
::1 - - [15/Jul/2023:08:30:14 +0000] "GET /api/contacts/?page=2&limit=2 HTTP/1.1" 500 97
::1 - - [15/Jul/2023:08:31:05 +0000] "GET /api/contacts/?page=2&limit=2 HTTP/1.1" 200 142
::1 - - [15/Jul/2023:08:33:33 +0000] "GET /api/contacts/?page=2&limit=2 HTTP/1.1" 200 684
::1 - - [15/Jul/2023:08:34:25 +0000] "GET /api/contacts/ HTTP/1.1" 200 684
::1 - - [15/Jul/2023:08:35:50 +0000] "GET /api/users/current HTTP/1.1" 200 51
::1 - - [15/Jul/2023:08:36:28 +0000] "GET /api/contacts/64b1540fc8d4b539b0c516b8 HTTP/1.1" 200 226
::1 - - [15/Jul/2023:08:42:25 +0000] "GET /api/contacts/?page=2&limit=2 HTTP/1.1" 500 97
::1 - - [15/Jul/2023:08:42:37 +0000] "GET /api/contacts/ HTTP/1.1" 500 97
::1 - - [15/Jul/2023:08:43:23 +0000] "GET /api/contacts/ HTTP/1.1" 200 684
::1 - - [15/Jul/2023:08:43:42 +0000] "GET /api/contacts/ HTTP/1.1" 500 97
::1 - - [15/Jul/2023:08:44:01 +0000] "GET /api/contacts/ HTTP/1.1" 500 97
::1 - - [15/Jul/2023:08:44:02 +0000] "GET /api/contacts/ HTTP/1.1" 500 97
::1 - - [15/Jul/2023:08:47:39 +0000] "GET /api/contacts/ HTTP/1.1" 500 97
::1 - - [15/Jul/2023:08:47:41 +0000] "GET /api/contacts/ HTTP/1.1" 500 97
::1 - - [15/Jul/2023:08:59:13 +0000] "POST /api/contacts HTTP/1.1" 201 229
::1 - - [15/Jul/2023:08:59:25 +0000] "POST /api/contacts HTTP/1.1" 201 227
::1 - - [15/Jul/2023:08:59:32 +0000] "GET /api/contacts/?page=2&limit=2 HTTP/1.1" 200 236
::1 - - [15/Jul/2023:08:59:58 +0000] "GET /api/contacts/?page=2&limit=2 HTTP/1.1" 200 380
::1 - - [15/Jul/2023:09:00:05 +0000] "GET /api/contacts/ HTTP/1.1" 200 947
::1 - - [15/Jul/2023:09:00:18 +0000] "GET /api/contacts/?page=3&limit=2 HTTP/1.1" 200 190
::1 - - [15/Jul/2023:09:00:22 +0000] "GET /api/contacts/ HTTP/1.1" 200 947
::1 - - [15/Jul/2023:09:00:38 +0000] "GET /api/contacts/?page=1&limit=3 HTTP/1.1" 200 567
::1 - - [15/Jul/2023:09:05:02 +0000] "GET /api/contacts/?page=1&limit=3 HTTP/1.1" 500 97
::1 - - [15/Jul/2023:09:05:47 +0000] "GET /api/contacts/?page=1&limit=3 HTTP/1.1" 200 1743
::1 - - [15/Jul/2023:09:07:47 +0000] "GET /api/contacts/?page=1&limit=3 HTTP/1.1" 200 741
::1 - - [15/Jul/2023:09:10:24 +0000] "POST /api/users/logout HTTP/1.1" 401 26
::1 - - [15/Jul/2023:09:11:54 +0000] "POST /api/users/logout HTTP/1.1" 201 24
::1 - - [15/Jul/2023:09:12:12 +0000] "POST /api/users/login HTTP/1.1" 200 241
::1 - - [15/Jul/2023:09:12:23 +0000] "GET /api/contacts/ HTTP/1.1" 200 742
::1 - - [15/Jul/2023:09:14:26 +0000] "PUT /api/contacts/64b139051d380961557b94c7 HTTP/1.1" 200 225
::1 - - [15/Jul/2023:09:14:33 +0000] "GET /api/contacts/ HTTP/1.1" 200 737
::1 - - [15/Jul/2023:09:15:48 +0000] "PATCH /api/contacts/64b139051d380961557b94c7/favorite HTTP/1.1" 400 36
::1 - - [15/Jul/2023:09:16:33 +0000] "PATCH /api/contacts/64b139051d380961557b94c7/favorite HTTP/1.1" 200 224
::1 - - [15/Jul/2023:09:23:55 +0000] "GET /api/contacts/ HTTP/1.1" 200 736
::1 - - [15/Jul/2023:09:34:41 +0000] "GET /api/contacts/?favorite=true HTTP/1.1" 200 736
::1 - - [15/Jul/2023:09:35:12 +0000] "GET /api/contacts/?favorite=true HTTP/1.1" 200 493
::1 - - [15/Jul/2023:09:35:31 +0000] "GET /api/contacts/?favorite=true HTTP/1.1" 200 244
::1 - - [15/Jul/2023:09:36:26 +0000] "GET /api/contacts/ HTTP/1.1" 200 244
::1 - - [15/Jul/2023:09:36:34 +0000] "GET /api/contacts/ HTTP/1.1" 200 244
::1 - - [15/Jul/2023:09:37:15 +0000] "GET /api/contacts/?favorite=true HTTP/1.1" 200 493
::1 - - [15/Jul/2023:09:37:22 +0000] "GET /api/contacts/?favorite=false HTTP/1.1" 200 244
::1 - - [15/Jul/2023:09:37:26 +0000] "GET /api/contacts/ HTTP/1.1" 200 2
::1 - - [15/Jul/2023:09:37:40 +0000] "GET /api/contacts/ HTTP/1.1" 200 2
::1 - - [15/Jul/2023:09:39:39 +0000] "GET /api/contacts/?favorite=false HTTP/1.1" 200 244
::1 - - [15/Jul/2023:09:39:45 +0000] "GET /api/contacts/?favorite=true HTTP/1.1" 200 493
::1 - - [15/Jul/2023:09:43:20 +0000] "GET /api/contacts/?favorite=true HTTP/1.1" 200 493
::1 - - [15/Jul/2023:09:43:27 +0000] "GET /api/contacts/?favorite=false HTTP/1.1" 200 244
::1 - - [15/Jul/2023:09:43:31 +0000] "GET /api/contacts/ HTTP/1.1" 200 736
::1 - - [15/Jul/2023:09:52:57 +0000] "PATCH /api/users HTTP/1.1" 404 23
::1 - - [15/Jul/2023:09:55:15 +0000] "PATCH /api/users HTTP/1.1" 404 23
::1 - - [15/Jul/2023:09:56:06 +0000] "PATCH /api/users HTTP/1.1" 201 24
::1 - - [15/Jul/2023:09:56:18 +0000] "PATCH /api/users HTTP/1.1" 401 26
::1 - - [15/Jul/2023:09:57:05 +0000] "PATCH /api/users HTTP/1.1" 401 26
::1 - - [15/Jul/2023:09:57:27 +0000] "GET /api/users/current HTTP/1.1" 401 26
::1 - - [15/Jul/2023:09:57:33 +0000] "POST /api/users/login HTTP/1.1" 200 241
::1 - - [15/Jul/2023:09:57:42 +0000] "PATCH /api/users HTTP/1.1" 201 24
::1 - - [17/Jul/2023:19:46:27 +0000] "POST /api/users/login HTTP/1.1" 200 242
::1 - - [17/Jul/2023:19:46:42 +0000] "GET /api/contacts/ HTTP/1.1" 200 1237
::1 - - [17/Jul/2023:19:49:05 +0000] "GET /api/contacts?favorite=true HTTP/1.1" 200 2
::1 - - [17/Jul/2023:19:49:27 +0000] "GET /api/contacts/ HTTP/1.1" 401 26
::1 - - [17/Jul/2023:19:49:45 +0000] "GET /api/contacts/ HTTP/1.1" 200 1237
::1 - - [17/Jul/2023:19:50:27 +0000] "PATCH /api/contacts/64b153f1c8d4b539b0c516b2/favorite HTTP/1.1" 200 224
::1 - - [17/Jul/2023:19:50:48 +0000] "PATCH /api/contacts/64b25fed09271e4bf989a4d6/favorite HTTP/1.1" 200 226
::1 - - [17/Jul/2023:19:50:53 +0000] "GET /api/contacts?favorite=true HTTP/1.1" 200 491
::1 - - [17/Jul/2023:19:52:28 +0000] "PATCH /api/users HTTP/1.1" 400 35
::1 - - [17/Jul/2023:19:53:58 +0000] "PATCH /api/users HTTP/1.1" 200 60
::1 - - [17/Jul/2023:19:54:16 +0000] "GET /api/users/current HTTP/1.1" 200 52
::1 - - [17/Jul/2023:19:54:26 +0000] "PATCH /api/users HTTP/1.1" 200 61
::1 - - [17/Jul/2023:19:55:01 +0000] "PATCH /api/users HTTP/1.1" 200 61
::1 - - [17/Jul/2023:19:55:06 +0000] "GET /api/users/current HTTP/1.1" 200 47
::1 - - [17/Jul/2023:19:59:51 +0000] "GET /api/users/current HTTP/1.1" 200 47
::1 - - [17/Jul/2023:20:00:04 +0000] "PATCH /api/users HTTP/1.1" 200 56
::1 - - [17/Jul/2023:20:02:19 +0000] "PATCH /api/users HTTP/1.1" 200 56
::1 - - [17/Jul/2023:20:03:07 +0000] "PATCH /api/users HTTP/1.1" 200 56
::1 - - [17/Jul/2023:20:03:13 +0000] "GET /api/users/current HTTP/1.1" 200 52
::1 - - [17/Jul/2023:20:05:15 +0000] "PATCH /api/users HTTP/1.1" 200 61
::1 - - [17/Jul/2023:20:05:55 +0000] "PATCH /api/users HTTP/1.1" 200 63
::1 - - [17/Jul/2023:20:06:43 +0000] "PATCH /api/users HTTP/1.1" 200 56
::1 - - [17/Jul/2023:20:06:47 +0000] "PATCH /api/users HTTP/1.1" 200 61
::1 - - [17/Jul/2023:20:07:15 +0000] "PATCH /api/users HTTP/1.1" 400 42
::1 - - [22/Jul/2023:14:01:03 +0000] "POST /api/users/register HTTP/1.1" 201 60
::1 - - [22/Jul/2023:14:01:57 +0000] "POST /api/users/register HTTP/1.1" 201 60
::1 - - [22/Jul/2023:14:03:53 +0000] "POST /api/users/register HTTP/1.1" 201 62
::1 - - [23/Jul/2023:10:29:44 +0000] "PATCH /api/users/avatars HTTP/1.1" 401 26
::1 - - [23/Jul/2023:10:30:27 +0000] "POST /api/users/login HTTP/1.1" 200 244
::1 - - [23/Jul/2023:10:31:30 +0000] "PATCH /api/users/avatars HTTP/1.1" 500 296
::ffff:127.0.0.1 - - [23/Jul/2023:10:34:26 +0000] "GET /app.js HTTP/1.1" 404 23
::ffff:127.0.0.1 - - [23/Jul/2023:10:34:51 +0000] "GET /temp/blonde-woman.jpg HTTP/1.1" 404 23
::1 - - [23/Jul/2023:10:54:17 +0000] "PATCH /api/users/avatars HTTP/1.1" 200 41
::ffff:127.0.0.1 - - [23/Jul/2023:11:56:30 +0000] "GET /avatars/blonde-woman.jpg HTTP/1.1" 200 3811
::ffff:127.0.0.1 - - [23/Jul/2023:11:56:31 +0000] "GET /favicon.ico HTTP/1.1" 404 23
::ffff:127.0.0.1 - - [23/Jul/2023:11:56:39 +0000] "GET /avatars/blonde-woman.jpg HTTP/1.1" 304 -
::1 - - [23/Jul/2023:12:04:37 +0000] "PATCH /api/users/avatars HTTP/1.1" 200 43
::1 - - [23/Jul/2023:12:09:32 +0000] "PATCH /api/users/avatars HTTP/1.1" 200 61
::1 - - [24/Jul/2023:15:37:31 +0000] "PATCH /api/users/avatars HTTP/1.1" 401 26
::1 - - [24/Jul/2023:15:37:41 +0000] "POST /api/users/login HTTP/1.1" 200 244
::1 - - [24/Jul/2023:16:53:46 +0000] "PATCH /api/users/avatars HTTP/1.1" 500 295
::1 - - [24/Jul/2023:16:54:45 +0000] "PATCH /api/users/avatars HTTP/1.1" 500 295
::1 - - [24/Jul/2023:16:56:06 +0000] "PATCH /api/users/avatars HTTP/1.1" 200 61
::1 - - [24/Jul/2023:16:58:04 +0000] "PATCH /api/users/avatars HTTP/1.1" 200 61
::1 - - [24/Jul/2023:16:58:27 +0000] "PATCH /api/users/avatars HTTP/1.1" 200 61
::1 - - [24/Jul/2023:17:05:29 +0000] "PATCH /api/users/avatars HTTP/1.1" 200 61
::1 - - [24/Jul/2023:17:06:12 +0000] "PATCH /api/users/avatars HTTP/1.1" 200 61
::1 - - [24/Jul/2023:17:09:11 +0000] "PATCH /api/users/avatars HTTP/1.1" 200 61
::1 - - [24/Jul/2023:17:10:17 +0000] "PATCH /api/users/avatars HTTP/1.1" 200 61
::1 - - [24/Jul/2023:17:11:11 +0000] "PATCH /api/users/avatars HTTP/1.1" 200 61
::1 - - [24/Jul/2023:17:18:18 +0000] "PATCH /api/users/avatars HTTP/1.1" 200 61
::1 - - [24/Jul/2023:17:19:14 +0000] "PATCH /api/users/avatars HTTP/1.1" 200 68
::1 - - [24/Jul/2023:17:20:06 +0000] "PATCH /api/users/avatars HTTP/1.1" 200 68
::1 - - [24/Jul/2023:17:21:08 +0000] "PATCH /api/users/avatars HTTP/1.1" 200 68
::1 - - [24/Jul/2023:17:38:52 +0000] "PATCH /api/users/avatars HTTP/1.1" 200 58
::1 - - [24/Jul/2023:18:46:53 +0000] "PATCH /api/users/avatars HTTP/1.1" 200 75
::1 - - [24/Jul/2023:18:53:35 +0000] "PATCH /api/users/avatars HTTP/1.1" 401 26
::1 - - [24/Jul/2023:18:56:22 +0000] "PATCH /api/users/avatars HTTP/1.1" 400 22
::1 - - [24/Jul/2023:18:57:37 +0000] "PATCH /api/users/avatars HTTP/1.1" 400 22
::1 - - [24/Jul/2023:19:00:35 +0000] "PATCH /api/users/avatars HTTP/1.1" 200 58
::1 - - [24/Jul/2023:19:00:59 +0000] "PATCH /api/users/avatars HTTP/1.1" 200 75
::1 - - [24/Jul/2023:19:01:47 +0000] "PATCH /api/users/avatars HTTP/1.1" 200 75
::1 - - [24/Jul/2023:19:03:58 +0000] "PATCH /api/users/avatars HTTP/1.1" 200 75
::1 - - [24/Jul/2023:19:07:14 +0000] "PATCH /api/users/avatar HTTP/1.1" 404 23
::1 - - [24/Jul/2023:19:11:37 +0000] "PATCH /api/users/avatars HTTP/1.1" 200 75
::1 - - [24/Jul/2023:19:12:49 +0000] "PATCH /api/users/avatars HTTP/1.1" 200 75
::1 - - [24/Jul/2023:19:14:03 +0000] "PATCH /api/users/avatars HTTP/1.1" 200 75
::1 - - [24/Jul/2023:19:17:02 +0000] "PATCH /api/users/avatars HTTP/1.1" 200 75
::1 - - [24/Jul/2023:19:18:51 +0000] "PATCH /api/users/avatars HTTP/1.1" 200 75
::1 - - [24/Jul/2023:19:19:41 +0000] "PATCH /api/users/avatars HTTP/1.1" 200 75
::1 - - [24/Jul/2023:19:20:24 +0000] "PATCH /api/users/avatars HTTP/1.1" 200 75
::1 - - [24/Jul/2023:19:21:15 +0000] "POST /api/users/login HTTP/1.1" 400 68
::1 - - [24/Jul/2023:19:21:21 +0000] "POST /api/users/login HTTP/1.1" 401 39
::1 - - [24/Jul/2023:19:22:02 +0000] "POST /api/users/login HTTP/1.1" 401 39
::1 - - [24/Jul/2023:20:05:41 +0000] "PATCH /api/users/avatars HTTP/1.1" 200 75
::1 - - [24/Jul/2023:20:07:12 +0000] "PATCH /api/users/avatars HTTP/1.1" 200 75
::1 - - [24/Jul/2023:20:11:28 +0000] "PATCH /api/users/avatars HTTP/1.1" 200 75
::1 - - [24/Jul/2023:20:12:31 +0000] "PATCH /api/users/avatars HTTP/1.1" 200 75
::1 - - [24/Jul/2023:20:13:50 +0000] "PATCH /api/users/avatars HTTP/1.1" 200 75
::1 - - [24/Jul/2023:20:14:31 +0000] "PATCH /api/users/avatars HTTP/1.1" 200 75
::1 - - [24/Jul/2023:20:21:36 +0000] "PATCH /api/users/avatars HTTP/1.1" - -
::1 - - [24/Jul/2023:20:22:00 +0000] "PATCH /api/users/avatars HTTP/1.1" - -
::1 - - [24/Jul/2023:20:22:13 +0000] "GET /api/users/current HTTP/1.1" 200 53
::1 - - [24/Jul/2023:20:24:21 +0000] "PATCH /api/users/avatars HTTP/1.1" 200 66
::1 - - [24/Jul/2023:20:25:01 +0000] "PATCH /api/users/avatars HTTP/1.1" 200 66
::1 - - [24/Jul/2023:20:26:12 +0000] "PATCH /api/users/avatars HTTP/1.1" 200 66
::1 - - [24/Jul/2023:20:28:22 +0000] "PATCH /api/users/avatars HTTP/1.1" 200 66
::1 - - [24/Jul/2023:20:36:08 +0000] "PATCH /api/users/avatars HTTP/1.1" 200 66
::1 - - [24/Jul/2023:20:36:33 +0000] "PATCH /api/users/avatars HTTP/1.1" 200 68
::1 - - [24/Jul/2023:20:46:05 +0000] "PATCH /api/users/avatars HTTP/1.1" 200 75
::1 - - [24/Jul/2023:20:47:36 +0000] "PATCH /api/users/avatars HTTP/1.1" 200 75
::1 - - [24/Jul/2023:20:48:50 +0000] "PATCH /api/users/avatars HTTP/1.1" 200 75
::1 - - [24/Jul/2023:21:01:28 +0000] "PATCH /api/users/avatars HTTP/1.1" 200 75
::1 - - [24/Jul/2023:21:01:32 +0000] "PATCH /api/users/avatars HTTP/1.1" 200 61
::1 - - [24/Jul/2023:21:02:03 +0000] "PATCH /api/users/avatars HTTP/1.1" 200 75
::1 - - [24/Jul/2023:21:21:32 +0000] "PATCH /api/users/avatars HTTP/1.1" 200 75
::1 - - [24/Jul/2023:21:28:56 +0000] "PATCH /api/users/avatars HTTP/1.1" 200 75
::1 - - [30/Jul/2023:11:06:11 +0000] "POST /api/users/register HTTP/1.1" 201 61
::1 - - [30/Jul/2023:11:06:41 +0000] "POST /api/users/register HTTP/1.1" 201 59
::ffff:127.0.0.1 - - [30/Jul/2023:11:07:07 +0000] "GET /api/users/verify/mZY_pAANxTEiDkvUgL5z4 HTTP/1.1" 404 23
::ffff:127.0.0.1 - - [30/Jul/2023:11:40:25 +0000] "GET /api/users/verify/mZY_pAANxTEiDkvUgL5z4 HTTP/1.1" 404 23
::1 - - [30/Jul/2023:11:41:19 +0000] "POST /api/users/verify HTTP/1.1" 200 37
::ffff:127.0.0.1 - - [30/Jul/2023:11:41:32 +0000] "GET /api/users/verify/mZY_pAANxTEiDkvUgL5z4 HTTP/1.1" 404 23
::ffff:127.0.0.1 - - [30/Jul/2023:14:21:20 +0000] "GET /api/users/verify/mZY_pAANxTEiDkvUgL5z4 HTTP/1.1" 404 23
::1 - - [30/Jul/2023:14:23:02 +0000] "GET /api/users/verify/mZY_pAANxTEiDkvUgL5z4 HTTP/1.1" 200 37
::1 - - [30/Jul/2023:14:25:46 +0000] "POST /api/users/verify HTTP/1.1" 400 35
